{
  "stats": {
    "suites": 1,
    "tests": 1,
    "passes": 1,
    "pending": 0,
    "failures": 0,
    "start": "2024-12-26T23:36:20.808Z",
    "end": "2024-12-26T23:36:32.046Z",
    "duration": 11238,
    "testsRegistered": 1,
    "passPercent": 100,
    "pendingPercent": 0,
    "other": 0,
    "hasOther": false,
    "skipped": 0,
    "hasSkipped": false
  },
  "results": [
    {
      "uuid": "8df10704-2e5a-4c3f-be6a-1e3507c1fe26",
      "title": "",
      "fullFile": "cypress/integration/examples/handling_iframes_test.js",
      "file": "cypress/integration/examples/handling_iframes_test.js",
      "beforeHooks": [],
      "afterHooks": [],
      "tests": [],
      "suites": [
        {
          "uuid": "79bcf06a-47b7-4288-b2a0-5a1e22e3b454",
          "title": "Handing iframe",
          "fullFile": "",
          "file": "",
          "beforeHooks": [],
          "afterHooks": [],
          "tests": [
            {
              "title": "Does not do much!",
              "fullTitle": "Handing iframe Does not do much!",
              "timedOut": null,
              "duration": 8354,
              "state": "passed",
              "speed": "medium",
              "pass": true,
              "fail": false,
              "pending": false,
              "context": "{\n  \"title\": \"cypress-mochawesome-reporter-videos-passed\",\n  \"value\": \"cypress/integration/examples/handling_iframes_test.js\"\n}",
              "code": "// navigating to a site\ncy.visit('https://rahulshettyacademy.com/AutomationPractice/#/');\n// --- Dealing iframes ---\n// iframe knowledge must be downloaded via 'npm install -D cypress-iframe'\n// The frame is loaded via the frameLoaded method\ncy.frameLoaded('#courses-iframe');\n// When working with iframe, you must use the iframe() method to access the iframe and then do find() on it\ncy.iframe().find('.navigation a[href=\"mentorship\"]').eq(0).click();\n// This wait is essential in order for the test to pass since working in an iframe\ncy.wait(3000);\ncy.iframe().find('h1[class*=\"pricing-title\"]').should('have.length', 2);",
              "err": {},
              "uuid": "e4baec61-a31c-4112-b777-f35ccbeae40b",
              "parentUUID": "79bcf06a-47b7-4288-b2a0-5a1e22e3b454",
              "isHook": false,
              "skipped": false
            }
          ],
          "suites": [],
          "passes": [
            "e4baec61-a31c-4112-b777-f35ccbeae40b"
          ],
          "failures": [],
          "pending": [],
          "skipped": [],
          "duration": 8354,
          "root": false,
          "rootEmpty": false,
          "_timeout": 2000
        }
      ],
      "passes": [],
      "failures": [],
      "pending": [],
      "skipped": [],
      "duration": 0,
      "root": true,
      "rootEmpty": true,
      "_timeout": 2000
    }
  ],
  "meta": {
    "mocha": {
      "version": "7.0.1"
    },
    "mochawesome": {
      "options": {
        "quiet": false,
        "reportFilename": "mochawesome",
        "saveHtml": false,
        "saveJson": true,
        "consoleReporter": "spec",
        "useInlineDiffs": false,
        "code": true
      },
      "version": "7.1.3"
    },
    "marge": {
      "options": {
        "overwrite": false,
        "html": false,
        "json": true,
        "reportDir": "cypress/reports/html/.jsons"
      },
      "version": "6.2.0"
    }
  }
}