{
  "stats": {
    "suites": 1,
    "tests": 1,
    "passes": 1,
    "pending": 0,
    "failures": 0,
    "start": "2024-12-26T23:37:01.333Z",
    "end": "2024-12-26T23:37:09.718Z",
    "duration": 8385,
    "testsRegistered": 1,
    "passPercent": 100,
    "pendingPercent": 0,
    "other": 0,
    "hasOther": false,
    "skipped": 0,
    "hasSkipped": false
  },
  "results": [
    {
      "uuid": "1a17eff2-5080-41de-bcc2-9482c417e0ef",
      "title": "",
      "fullFile": "cypress/integration/examples/handling_popup-alerts_test.js",
      "file": "cypress/integration/examples/handling_popup-alerts_test.js",
      "beforeHooks": [],
      "afterHooks": [],
      "tests": [],
      "suites": [
        {
          "uuid": "531b2faf-6c53-4289-931a-7da4bf60aa43",
          "title": "Handing alerts",
          "fullFile": "",
          "file": "",
          "beforeHooks": [],
          "afterHooks": [],
          "tests": [
            {
              "title": "Does not do much!",
              "fullTitle": "Handing alerts Does not do much!",
              "timedOut": null,
              "duration": 5417,
              "state": "passed",
              "speed": "medium",
              "pass": true,
              "fail": false,
              "pending": false,
              "context": "{\n  \"title\": \"cypress-mochawesome-reporter-videos-passed\",\n  \"value\": \"cypress/integration/examples/handling_popup-alerts_test.js\"\n}",
              "code": "// navigating to a site\ncy.visit('https://rahulshettyacademy.com/AutomationPractice/#/');\n// --- Dealing with pop up alert ---\n// Cypress handles these popup alerts automatically therefore you wont see them\ncy.get('#alertbtn').click();\ncy.get('#confirmbtn').click();\n// Since cypress handles popup alerts automatically, in order to test popups they need to be triggered using the on method\n// Handling ok alert\ncy.on('window:alert', function (str) {\n  // Mocha string comparison\n  expect(str).to.equal('Hello , share this practice page and share your knowledge');\n});\n// Handling confirm alert\ncy.on('window:confirm', function (str) {\n  // Mocha string comparison\n  expect(str).to.equal('Hello , Are you sure you want to confirm?');\n});",
              "err": {},
              "uuid": "70a6ebb4-e247-4f89-9c69-c3d16e5f37f9",
              "parentUUID": "531b2faf-6c53-4289-931a-7da4bf60aa43",
              "isHook": false,
              "skipped": false
            }
          ],
          "suites": [],
          "passes": [
            "70a6ebb4-e247-4f89-9c69-c3d16e5f37f9"
          ],
          "failures": [],
          "pending": [],
          "skipped": [],
          "duration": 5417,
          "root": false,
          "rootEmpty": false,
          "_timeout": 2000
        }
      ],
      "passes": [],
      "failures": [],
      "pending": [],
      "skipped": [],
      "duration": 0,
      "root": true,
      "rootEmpty": true,
      "_timeout": 2000
    }
  ],
  "meta": {
    "mocha": {
      "version": "7.0.1"
    },
    "mochawesome": {
      "options": {
        "quiet": false,
        "reportFilename": "mochawesome",
        "saveHtml": false,
        "saveJson": true,
        "consoleReporter": "spec",
        "useInlineDiffs": false,
        "code": true
      },
      "version": "7.1.3"
    },
    "marge": {
      "options": {
        "overwrite": false,
        "html": false,
        "json": true,
        "reportDir": "cypress/reports/html/.jsons"
      },
      "version": "6.2.0"
    }
  }
}