{
  "stats": {
    "suites": 1,
    "tests": 1,
    "passes": 1,
    "pending": 0,
    "failures": 0,
    "start": "2024-12-26T23:35:31.795Z",
    "end": "2024-12-26T23:35:38.340Z",
    "duration": 6545,
    "testsRegistered": 1,
    "passPercent": 100,
    "pendingPercent": 0,
    "other": 0,
    "hasOther": false,
    "skipped": 0,
    "hasSkipped": false
  },
  "results": [
    {
      "uuid": "27832922-f418-4aae-b801-dc462c2ee62d",
      "title": "",
      "fullFile": "cypress/integration/examples/handling_calendars_test.js",
      "file": "cypress/integration/examples/handling_calendars_test.js",
      "beforeHooks": [],
      "afterHooks": [],
      "tests": [],
      "suites": [
        {
          "uuid": "ed3b021d-7300-415e-9da9-c384c5d66b3b",
          "title": "Handing calendars",
          "fullFile": "",
          "file": "",
          "beforeHooks": [],
          "afterHooks": [],
          "tests": [
            {
              "title": "Does not do much!",
              "fullTitle": "Handing calendars Does not do much!",
              "timedOut": null,
              "duration": 3721,
              "state": "passed",
              "speed": "fast",
              "pass": true,
              "fail": false,
              "pending": false,
              "context": "{\n  \"title\": \"cypress-mochawesome-reporter-videos-passed\",\n  \"value\": \"cypress/integration/examples/handling_calendars_test.js\"\n}",
              "code": "// navigating to a site\ncy.visit(\"https://rahulshettyacademy.com/seleniumPractise/#/offers\");\n// --- Dealing with calendars ---\ncy.get(\".react-date-picker__calendar-button__icon\").click();\nvar nav_ele = cy.get(\".react-calendar__navigation__label\");\nvar monthNumber = \"12\";\nvar date = \"15\";\nvar year = \"2027\";\nvar expectedList = year + '-' + monthNumber + '-' + date;\nvar expectedList2 = [monthNumber, date, year];\n// selecting the year\nnav_ele.click();\ncy.get(\".react-calendar__navigation__label\").then(function (ele_nav) {\n  if (ele_nav.text() === '2024') {\n    nav_ele.click();\n    cy.get(\".react-calendar__decade-view__years__year\").each(function ($ele, index) {\n      if ($ele.text() === year) {\n        cy.wait(1000);\n        cy.wrap($ele).click();\n      }\n    });\n  }\n});\n// selecting the month\ncy.get(\".react-calendar__year-view__months__month\").eq(Number(monthNumber) - 1).click();\n// Selecting the day\n//cy.get(\".react-calendar__month-view__days__day\").eq(Number(date)-1).click()\ncy.contains('abbr', date).click();\n// Verify that inputs are valid\ncy.get('.react-date-picker__inputGroup > input:nth-child(1)').should('have.value', expectedList);\n// Another way to do the assertion\ncy.get(\".react-date-picker__inputGroup__input\").each(function ($el, index) {\n  cy.wrap($el).invoke('val').should('eq', expectedList2[index]);\n});",
              "err": {},
              "uuid": "3fc8dec8-121b-4fa7-95e4-a6deace1b48d",
              "parentUUID": "ed3b021d-7300-415e-9da9-c384c5d66b3b",
              "isHook": false,
              "skipped": false
            }
          ],
          "suites": [],
          "passes": [
            "3fc8dec8-121b-4fa7-95e4-a6deace1b48d"
          ],
          "failures": [],
          "pending": [],
          "skipped": [],
          "duration": 3721,
          "root": false,
          "rootEmpty": false,
          "_timeout": 2000
        }
      ],
      "passes": [],
      "failures": [],
      "pending": [],
      "skipped": [],
      "duration": 0,
      "root": true,
      "rootEmpty": true,
      "_timeout": 2000
    }
  ],
  "meta": {
    "mocha": {
      "version": "7.0.1"
    },
    "mochawesome": {
      "options": {
        "quiet": false,
        "reportFilename": "mochawesome",
        "saveHtml": false,
        "saveJson": true,
        "consoleReporter": "spec",
        "useInlineDiffs": false,
        "code": true
      },
      "version": "7.1.3"
    },
    "marge": {
      "options": {
        "overwrite": false,
        "html": false,
        "json": true,
        "reportDir": "cypress/reports/html/.jsons"
      },
      "version": "6.2.0"
    }
  }
}