{
  "stats": {
    "suites": 1,
    "tests": 1,
    "passes": 1,
    "pending": 0,
    "failures": 0,
    "start": "2024-12-26T23:36:35.701Z",
    "end": "2024-12-26T23:36:44.320Z",
    "duration": 8619,
    "testsRegistered": 1,
    "passPercent": 100,
    "pendingPercent": 0,
    "other": 0,
    "hasOther": false,
    "skipped": 0,
    "hasSkipped": false
  },
  "results": [
    {
      "uuid": "5bf73561-ecbd-4530-a6f9-17aaf4a91409",
      "title": "",
      "fullFile": "cypress/integration/examples/handling_mouse_hover_over_test.js",
      "file": "cypress/integration/examples/handling_mouse_hover_over_test.js",
      "beforeHooks": [],
      "afterHooks": [],
      "tests": [],
      "suites": [
        {
          "uuid": "f0ea8aeb-4e7c-4fb5-b124-96452aa31059",
          "title": "Handing mouse hover over",
          "fullFile": "",
          "file": "",
          "beforeHooks": [],
          "afterHooks": [],
          "tests": [
            {
              "title": "Does not do much!",
              "fullTitle": "Handing mouse hover over Does not do much!",
              "timedOut": null,
              "duration": 5477,
              "state": "passed",
              "speed": "medium",
              "pass": true,
              "fail": false,
              "pending": false,
              "context": "{\n  \"title\": \"cypress-mochawesome-reporter-videos-passed\",\n  \"value\": \"cypress/integration/examples/handling_mouse_hover_over_test.js\"\n}",
              "code": "// navigating to a site\ncy.visit('https://rahulshettyacademy.com/AutomationPractice/#/');\n// --- Dealing with mouse hover over---\n// Mouse hover over are not supported in cypress\ncy.get('.mouse-hover-content').invoke('show');\ncy.contains('Top').click();\n// another way to do it is to force click, cypress understands that the element is hidden and find it and clicks on it\n// cy.contains('Top').click({force:true})\ncy.url().should('include', 'top');",
              "err": {},
              "uuid": "6b408daa-4b43-47b3-a519-c49839eb38fc",
              "parentUUID": "f0ea8aeb-4e7c-4fb5-b124-96452aa31059",
              "isHook": false,
              "skipped": false
            }
          ],
          "suites": [],
          "passes": [
            "6b408daa-4b43-47b3-a519-c49839eb38fc"
          ],
          "failures": [],
          "pending": [],
          "skipped": [],
          "duration": 5477,
          "root": false,
          "rootEmpty": false,
          "_timeout": 2000
        }
      ],
      "passes": [],
      "failures": [],
      "pending": [],
      "skipped": [],
      "duration": 0,
      "root": true,
      "rootEmpty": true,
      "_timeout": 2000
    }
  ],
  "meta": {
    "mocha": {
      "version": "7.0.1"
    },
    "mochawesome": {
      "options": {
        "quiet": false,
        "reportFilename": "mochawesome",
        "saveHtml": false,
        "saveJson": true,
        "consoleReporter": "spec",
        "useInlineDiffs": false,
        "code": true
      },
      "version": "7.1.3"
    },
    "marge": {
      "options": {
        "overwrite": false,
        "html": false,
        "json": true,
        "reportDir": "cypress/reports/html/.jsons"
      },
      "version": "6.2.0"
    }
  }
}