{
  "stats": {
    "suites": 1,
    "tests": 1,
    "passes": 1,
    "pending": 0,
    "failures": 0,
    "start": "2024-12-26T23:35:18.958Z",
    "end": "2024-12-26T23:35:28.180Z",
    "duration": 9222,
    "testsRegistered": 1,
    "passPercent": 100,
    "pendingPercent": 0,
    "other": 0,
    "hasOther": false,
    "skipped": 0,
    "hasSkipped": false
  },
  "results": [
    {
      "uuid": "a40771f9-f5c3-431b-abd5-9ea3cc46db0c",
      "title": "",
      "fullFile": "cypress/integration/examples/finding_locators_test.js",
      "file": "cypress/integration/examples/finding_locators_test.js",
      "beforeHooks": [],
      "afterHooks": [],
      "tests": [],
      "suites": [
        {
          "uuid": "43695604-8886-446f-8425-993669fcb2ba",
          "title": "This is the name of my first test suite",
          "fullFile": "",
          "file": "",
          "beforeHooks": [],
          "afterHooks": [],
          "tests": [
            {
              "title": "Does not do much!",
              "fullTitle": "This is the name of my first test suite Does not do much!",
              "timedOut": null,
              "duration": 6505,
              "state": "passed",
              "speed": "medium",
              "pass": true,
              "fail": false,
              "pending": false,
              "context": "{\n  \"title\": \"cypress-mochawesome-reporter-videos-passed\",\n  \"value\": \"cypress/integration/examples/finding_locators_test.js\"\n}",
              "code": "// navigating to a site\ncy.visit('https://rahulshettyacademy.com/seleniumPractise/#/');\n// Selecting an element and typing 'cu' in the search bar\ncy.get('.search-keyword').type('ca');\n// Stops the script for 2 sec\ncy.wait(2000);\n// Checking to see if the product is visible before making teh assertion\n//cy.get('.product:visible').should('have.length', 2)\n// Parent child chaining\ncy.get('.products').find('.product').should('have.length', 4);\n// Aliases can be used to reduce redundant code\ncy.get('.products').as('productLocator');\n// adding add to product for the second product, index for eq starts from 0 \n// Notice the aliases being used here '@productLocator'\ncy.get('@productLocator').find('.product').eq(1).find('div[class=\"product-action\"]').click();\n//cy.get('.products').find('.product-name').contains('Capsicum').find('div[class=\"product-action\"]').click()\n// each goes through each elements and performs some task\ncy.get('.products').find('.product').each(function ($ele, index, $list) {\n  var ele_text = $ele.find('.product-name').text();\n  // Can also use includes method that matches text partically \n  if (ele_text.includes('Cashews')) {\n    // wrap this element so we can use cypress commands on it\n    cy.wrap($ele).find('.product-action').click();\n  }\n});\n/* \n    because of how execution works in cypress, things cannot be put \n    into a const variable, but must be done like the following ->\n*/\ncy.get('.brand').then(function (logo_ele) {\n  cy.log(logo_ele.text());\n  // Asserting text in cypress\n  cy.wrap(logo_ele).should('have.text', logo_ele.text());\n});",
              "err": {},
              "uuid": "7cd150b3-cf51-4ac0-a42f-ee98319602b9",
              "parentUUID": "43695604-8886-446f-8425-993669fcb2ba",
              "isHook": false,
              "skipped": false
            }
          ],
          "suites": [],
          "passes": [
            "7cd150b3-cf51-4ac0-a42f-ee98319602b9"
          ],
          "failures": [],
          "pending": [],
          "skipped": [],
          "duration": 6505,
          "root": false,
          "rootEmpty": false,
          "_timeout": 2000
        }
      ],
      "passes": [],
      "failures": [],
      "pending": [],
      "skipped": [],
      "duration": 0,
      "root": true,
      "rootEmpty": true,
      "_timeout": 2000
    }
  ],
  "meta": {
    "mocha": {
      "version": "7.0.1"
    },
    "mochawesome": {
      "options": {
        "quiet": false,
        "reportFilename": "mochawesome",
        "saveHtml": false,
        "saveJson": true,
        "consoleReporter": "spec",
        "useInlineDiffs": false,
        "code": true
      },
      "version": "7.1.3"
    },
    "marge": {
      "options": {
        "overwrite": false,
        "html": false,
        "json": true,
        "reportDir": "cypress/reports/html/.jsons"
      },
      "version": "6.2.0"
    }
  }
}